0 info it worked if it ends with ok
1 verbose cli [ 'C:\\Program Files\\nodejs\\node.exe',
1 verbose cli   'C:\\Program Files\\nodejs\\node_modules\\npm\\bin\\npm-cli.js',
1 verbose cli   'run',
1 verbose cli   'dev' ]
2 info using npm@3.9.5
3 info using node@v6.2.2
4 verbose run-script [ 'predev', 'dev', 'postdev' ]
5 info lifecycle BlankUp-electron@1.0.0~predev: BlankUp-electron@1.0.0
6 silly lifecycle BlankUp-electron@1.0.0~predev: no script for predev, continuing
7 info lifecycle BlankUp-electron@1.0.0~dev: BlankUp-electron@1.0.0
8 verbose lifecycle BlankUp-electron@1.0.0~dev: unsafe-perm in lifecycle true
9 verbose lifecycle BlankUp-electron@1.0.0~dev: PATH: C:\Program Files\nodejs\node_modules\npm\bin\node-gyp-bin;D:\ElectronBlankUp\node_modules\.bin;C:\Program Files\nodejs;C:\Users\hzhendrikwallbaum\bin;C:\Program Files\Git\mingw64\bin;C:\Program Files\Git\usr\local\bin;C:\Program Files\Git\usr\bin;C:\Program Files\Git\usr\bin;C:\Program Files\Git\cmd;C:\Program Files\ConEmu\ConEmu\Scripts;C:\Program Files\ConEmu;C:\Program Files\ConEmu\ConEmu;C:\windows\system32;C:\windows;C:\windows\System32\Wbem;C:\windows\System32\WindowsPowerShell\v1.0;C:\Program Files\Git\cmd;C:\Program Files\nodejs;C:\Users\hzhendrikwallbaum\AppData\Local\nylas\bin;C:\Users\hzhendrikwallbaum\AppData\Local\atom\bin;C:\Users\hzhendrikwallbaum\AppData\Roaming\npm;C:\Program Files\Git\usr\bin\vendor_perl;C:\Program Files\Git\usr\bin\core_perl
10 verbose lifecycle BlankUp-electron@1.0.0~dev: CWD: D:\ElectronBlankUp
11 silly lifecycle BlankUp-electron@1.0.0~dev: Args: [ '/d /s /c',
11 silly lifecycle   'node ./node_modules/concurrently/src/main.js --kill-others "npm run stylus" "npm start"' ]
12 silly lifecycle BlankUp-electron@1.0.0~dev: Returned: code: 1  signal: null
13 info lifecycle BlankUp-electron@1.0.0~dev: Failed to exec dev script
14 verbose stack Error: BlankUp-electron@1.0.0 dev: `node ./node_modules/concurrently/src/main.js --kill-others "npm run stylus" "npm start"`
14 verbose stack Exit status 1
14 verbose stack     at EventEmitter.<anonymous> (C:\Program Files\nodejs\node_modules\npm\lib\utils\lifecycle.js:245:16)
14 verbose stack     at emitTwo (events.js:106:13)
14 verbose stack     at EventEmitter.emit (events.js:191:7)
14 verbose stack     at ChildProcess.<anonymous> (C:\Program Files\nodejs\node_modules\npm\lib\utils\spawn.js:24:14)
14 verbose stack     at emitTwo (events.js:106:13)
14 verbose stack     at ChildProcess.emit (events.js:191:7)
14 verbose stack     at maybeClose (internal/child_process.js:852:16)
14 verbose stack     at Process.ChildProcess._handle.onexit (internal/child_process.js:215:5)
15 verbose pkgid BlankUp-electron@1.0.0
16 verbose cwd D:\ElectronBlankUp
17 error Windows_NT 6.1.7601
18 error argv "C:\\Program Files\\nodejs\\node.exe" "C:\\Program Files\\nodejs\\node_modules\\npm\\bin\\npm-cli.js" "run" "dev"
19 error node v6.2.2
20 error npm  v3.9.5
21 error code ELIFECYCLE
22 error BlankUp-electron@1.0.0 dev: `node ./node_modules/concurrently/src/main.js --kill-others "npm run stylus" "npm start"`
22 error Exit status 1
23 error Failed at the BlankUp-electron@1.0.0 dev script 'node ./node_modules/concurrently/src/main.js --kill-others "npm run stylus" "npm start"'.
23 error Make sure you have the latest version of node.js and npm installed.
23 error If you do, this is most likely a problem with the BlankUp-electron package,
23 error not with npm itself.
23 error Tell the author that this fails on your system:
23 error     node ./node_modules/concurrently/src/main.js --kill-others "npm run stylus" "npm start"
23 error You can get information on how to open an issue for this project with:
23 error     npm bugs BlankUp-electron
23 error Or if that isn't available, you can get their info via:
23 error     npm owner ls BlankUp-electron
23 error There is likely additional logging output above.
24 verbose exit [ 1, true ]
